<?xml version="1.0" encoding="UTF-8"?>
<!-- Generated by org.testng.reporters.JUnitReportReporter -->
<testsuite skipped="0" hostname="haidanov" name="org.lh.TestTest" tests="3" failures="0" timestamp="30 Mar 2021 20:49:01 GMT" time="0.011" errors="0">
  <testcase name="test3" time="0.000" classname="org.lh.TestTest"/>
  <testcase name="test2" time="0.001" classname="org.lh.TestTest"/>
  <testcase name="test1" time="0.010" classname="org.lh.TestTest"/>
</testsuite> <!-- org.lh.TestTest -->
